#
# A fatal error has been detected by the Java Runtime Environment:
#
#  EXCEPTION_ACCESS_VIOLATION (0xc0000005) at pc=0x69ff14e3, pid=5456, tid=0x0000156c
#
# JRE version: Java(TM) SE Runtime Environment (8.0_141-b15) (build 1.8.0_141-b15)
# Java VM: Java HotSpot(TM) Client VM (25.141-b15 mixed mode windows-x86 )
# Problematic frame:
# C  [DBGHELP.DLL+0x14e3]
#
# Core dump written. Default location: D:\Integração Salesforce\Ossis_v1\Integracao\hs_err_pid5456.mdmp
#
# If you would like to submit a bug report, please visit:
#   http://bugreport.java.com/bugreport/crash.jsp
# The crash happened outside the Java Virtual Machine in native code.
# See problematic frame for where to report the bug.
#

---------------  T H R E A D  ---------------

Current thread (0x0095c800):  JavaThread "main" [_thread_in_native, id=5484, stack(0x008a0000,0x008f0000)]

siginfo: ExceptionCode=0xc0000005, ExceptionInformation=0x00000008 0x69ff14e3

Registers:
EAX=0x69ff14e3, EBX=0x008ee0d0, ECX=0x008ee030, EDX=0x008ee048
ESP=0x008ee028, EBP=0x008ee054, ESI=0x00000000, EDI=0x00000000
EIP=0x69ff14e3, EFLAGS=0x00010202

Top of Stack: (sp=0x008ee028)
0x008ee028:   76021373 008ee030 00000018 000000c4
0x008ee038:   008ee048 00000000 00000000 00000000
0x008ee048:   007e007c 45780850 00000000 008ee088
0x008ee058:   7005a28f 00100000 00000000 000000c4
0x008ee068:   008ee138 00000000 00000000 45780850
0x008ee078:   45780818 00000000 00000000 457807d0
0x008ee088:   008ee0a4 7005a15e 00000000 0000000a
0x008ee098:   00000000 008ee0d4 008ee0d0 008ee108 

Instructions: (pc=0x69ff14e3)
0x69ff14c3:   00 7a 7f 00 6a 8e 7f 00 6a 00 00 00 00 9b 7f 00
0x69ff14d3:   6a af 7f 00 6a 00 00 00 00 cf 7f 00 6a e3 7f 00
0x69ff14e3:   6a 00 00 00 00 fe 7f 00 6a 12 80 00 6a 00 00 00
0x69ff14f3:   00 37 80 00 6a 4b 80 00 6a 00 00 00 00 58 80 00 


Register to memory mapping:

EAX=0x69ff14e3 is an unknown value
EBX=0x008ee0d0 is pointing into the stack for thread: 0x0095c800
ECX=0x008ee030 is pointing into the stack for thread: 0x0095c800
EDX=0x008ee048 is pointing into the stack for thread: 0x0095c800
ESP=0x008ee028 is pointing into the stack for thread: 0x0095c800
EBP=0x008ee054 is pointing into the stack for thread: 0x0095c800
ESI=0x00000000 is an unknown value
EDI=0x00000000 is an unknown value


Stack: [0x008a0000,0x008f0000],  sp=0x008ee028,  free space=312k
Native frames: (J=compiled Java code, j=interpreted, Vv=VM code, C=native code)
C  [DBGHELP.DLL+0x14e3]
C  [fwpuclnt.dll+0xa28f]
C  [fwpuclnt.dll+0xa15e]
C  [fwpuclnt.dll+0xa643]
C  [fwpuclnt.dll+0x2e71]
C  [fwpuclnt.dll+0x2dcb]
C  [WS2_32.dll+0x6233]
C  [WS2_32.dll+0x50cd]
C  [WS2_32.dll+0x5354]
C  [WS2_32.dll+0x6485]
C  [WS2_32.dll+0x4a99]
C  [WS2_32.dll+0x4303]
C  [net.dll+0x33a2]
j  java.net.Inet6AddressImpl.lookupAllHostAddr(Ljava/lang/String;)[Ljava/net/InetAddress;+0
j  java.net.InetAddress$2.lookupAllHostAddr(Ljava/lang/String;)[Ljava/net/InetAddress;+4
j  java.net.InetAddress.getAddressesFromNameService(Ljava/lang/String;Ljava/net/InetAddress;)[Ljava/net/InetAddress;+51
j  java.net.InetAddress.getAllByName0(Ljava/lang/String;Ljava/net/InetAddress;Z)[Ljava/net/InetAddress;+29
j  java.net.InetAddress.getAllByName(Ljava/lang/String;Ljava/net/InetAddress;)[Ljava/net/InetAddress;+383
j  java.net.InetAddress.getAllByName(Ljava/lang/String;)[Ljava/net/InetAddress;+2
j  java.net.InetAddress.getByName(Ljava/lang/String;)Ljava/net/InetAddress;+1
j  org.apache.commons.httpclient.protocol.ReflectionSocketFactory.createSocket(Ljava/lang/String;Ljava/lang/String;ILjava/net/InetAddress;II)Ljava/net/Socket;+133
j  org.apache.commons.httpclient.protocol.SSLProtocolSocketFactory.createSocket(Ljava/lang/String;ILjava/net/InetAddress;ILorg/apache/commons/httpclient/params/HttpConnectionParams;)Ljava/net/Socket;+46
j  org.apache.commons.httpclient.HttpConnection.open()V+182
j  org.apache.commons.httpclient.MultiThreadedHttpConnectionManager$HttpConnectionAdapter.open()V+11
j  org.apache.commons.httpclient.HttpMethodDirector.executeWithRetry(Lorg/apache/commons/httpclient/HttpMethod;)V+83
j  org.apache.commons.httpclient.HttpMethodDirector.executeMethod(Lorg/apache/commons/httpclient/HttpMethod;)V+288
j  org.apache.commons.httpclient.HttpClient.executeMethod(Lorg/apache/commons/httpclient/HostConfiguration;Lorg/apache/commons/httpclient/HttpMethod;Lorg/apache/commons/httpclient/HttpState;)I+114
j  org.apache.axis2.transport.http.AbstractHTTPSender.executeMethod(Lorg/apache/commons/httpclient/HttpClient;Lorg/apache/axis2/context/MessageContext;Ljava/net/URL;Lorg/apache/commons/httpclient/HttpMethod;)V+138
j  org.apache.axis2.transport.http.HTTPSender.sendViaPost(Lorg/apache/axis2/context/MessageContext;Ljava/net/URL;Ljava/lang/String;)V+173
j  org.apache.axis2.transport.http.HTTPSender.send(Lorg/apache/axis2/context/MessageContext;Ljava/net/URL;Ljava/lang/String;)V+74
j  org.apache.axis2.transport.http.CommonsHTTPTransportSender.writeMessageWithCommons(Lorg/apache/axis2/context/MessageContext;Lorg/apache/axis2/addressing/EndpointReference;Lorg/apache/axiom/om/OMOutputFormat;)V+109
j  org.apache.axis2.transport.http.CommonsHTTPTransportSender.invoke(Lorg/apache/axis2/context/MessageContext;)Lorg/apache/axis2/engine/Handler$InvocationResponse;+325
j  org.apache.axis2.engine.AxisEngine.send(Lorg/apache/axis2/context/MessageContext;)V+189
j  org.apache.axis2.description.OutInAxisOperationClient.send(Lorg/apache/axis2/context/MessageContext;)Lorg/apache/axis2/context/MessageContext;+71
j  org.apache.axis2.description.OutInAxisOperationClient.executeImpl(Z)V+381
j  org.apache.axis2.client.OperationClient.execute(Z)V+13
j  com.salesforce.soap.partner.SforceServiceStub.login(Lcom/salesforce/soap/partner/Login;Lcom/salesforce/soap/partner/LoginScopeHeader;Lcom/salesforce/soap/partner/CallOptions;)Lcom/salesforce/soap/partner/LoginResponse;+209
j  org.talend.salesforce.SforceBasicConnection.renewSession()V+24
j  org.talend.salesforce.SforceBasicConnection.init()V+92
j  org.talend.salesforce.SforceBasicConnection.<init>(Lorg/talend/salesforce/SforceBasicConnection$Builder;)V+57
j  org.talend.salesforce.SforceBasicConnection.<init>(Lorg/talend/salesforce/SforceBasicConnection$Builder;Lorg/talend/salesforce/SforceBasicConnection$1;)V+2
j  org.talend.salesforce.SforceBasicConnection$Builder.build()Lorg/talend/salesforce/SforceBasicConnection;+6
j  ossis_v1.impsf_exptempcsv_0_1.impsf_exptempcsv.tSalesforceInput_1Process(Ljava/util/Map;)V+756
j  ossis_v1.impsf_exptempcsv_0_1.impsf_exptempcsv.tSetGlobalVar_1Process(Ljava/util/Map;)V+261
j  ossis_v1.impsf_exptempcsv_0_1.impsf_exptempcsv.tSalesforceInput_2Process(Ljava/util/Map;)V+88
j  ossis_v1.impsf_exptempcsv_0_1.impsf_exptempcsv.runJobInTOS([Ljava/lang/String;)I+583
j  ossis_v1.impsf_exptempcsv_0_1.impsf_exptempcsv.runJob([Ljava/lang/String;)[[Ljava/lang/String;+2
j  ossis_v1.integracao_0_1.Integracao.tRunJob_1Process(Ljava/util/Map;)V+518
j  ossis_v1.integracao_0_1.Integracao.runJobInTOS([Ljava/lang/String;)I+574
j  ossis_v1.integracao_0_1.Integracao.main([Ljava/lang/String;)V+10
v  ~StubRoutines::call_stub
V  [jvm.dll+0x15af45]
V  [jvm.dll+0x2213ae]
V  [jvm.dll+0x15afde]
V  [jvm.dll+0xdcb97]
V  [jvm.dll+0xe512f]
C  [java.exe+0x229e]
C  [java.exe+0xae9f]
C  [java.exe+0xaf29]
C  [kernel32.dll+0x1336a]
C  [ntdll.dll+0x39902]
C  [ntdll.dll+0x398d5]
C  0x00000000

Java frames: (J=compiled Java code, j=interpreted, Vv=VM code)
j  java.net.Inet6AddressImpl.lookupAllHostAddr(Ljava/lang/String;)[Ljava/net/InetAddress;+0
j  java.net.InetAddress$2.lookupAllHostAddr(Ljava/lang/String;)[Ljava/net/InetAddress;+4
j  java.net.InetAddress.getAddressesFromNameService(Ljava/lang/String;Ljava/net/InetAddress;)[Ljava/net/InetAddress;+51
j  java.net.InetAddress.getAllByName0(Ljava/lang/String;Ljava/net/InetAddress;Z)[Ljava/net/InetAddress;+29
j  java.net.InetAddress.getAllByName(Ljava/lang/String;Ljava/net/InetAddress;)[Ljava/net/InetAddress;+383
j  java.net.InetAddress.getAllByName(Ljava/lang/String;)[Ljava/net/InetAddress;+2
j  java.net.InetAddress.getByName(Ljava/lang/String;)Ljava/net/InetAddress;+1
j  org.apache.commons.httpclient.protocol.ReflectionSocketFactory.createSocket(Ljava/lang/String;Ljava/lang/String;ILjava/net/InetAddress;II)Ljava/net/Socket;+133
j  org.apache.commons.httpclient.protocol.SSLProtocolSocketFactory.createSocket(Ljava/lang/String;ILjava/net/InetAddress;ILorg/apache/commons/httpclient/params/HttpConnectionParams;)Ljava/net/Socket;+46
j  org.apache.commons.httpclient.HttpConnection.open()V+182
j  org.apache.commons.httpclient.MultiThreadedHttpConnectionManager$HttpConnectionAdapter.open()V+11
j  org.apache.commons.httpclient.HttpMethodDirector.executeWithRetry(Lorg/apache/commons/httpclient/HttpMethod;)V+83
j  org.apache.commons.httpclient.HttpMethodDirector.executeMethod(Lorg/apache/commons/httpclient/HttpMethod;)V+288
j  org.apache.commons.httpclient.HttpClient.executeMethod(Lorg/apache/commons/httpclient/HostConfiguration;Lorg/apache/commons/httpclient/HttpMethod;Lorg/apache/commons/httpclient/HttpState;)I+114
j  org.apache.axis2.transport.http.AbstractHTTPSender.executeMethod(Lorg/apache/commons/httpclient/HttpClient;Lorg/apache/axis2/context/MessageContext;Ljava/net/URL;Lorg/apache/commons/httpclient/HttpMethod;)V+138
j  org.apache.axis2.transport.http.HTTPSender.sendViaPost(Lorg/apache/axis2/context/MessageContext;Ljava/net/URL;Ljava/lang/String;)V+173
j  org.apache.axis2.transport.http.HTTPSender.send(Lorg/apache/axis2/context/MessageContext;Ljava/net/URL;Ljava/lang/String;)V+74
j  org.apache.axis2.transport.http.CommonsHTTPTransportSender.writeMessageWithCommons(Lorg/apache/axis2/context/MessageContext;Lorg/apache/axis2/addressing/EndpointReference;Lorg/apache/axiom/om/OMOutputFormat;)V+109
j  org.apache.axis2.transport.http.CommonsHTTPTransportSender.invoke(Lorg/apache/axis2/context/MessageContext;)Lorg/apache/axis2/engine/Handler$InvocationResponse;+325
j  org.apache.axis2.engine.AxisEngine.send(Lorg/apache/axis2/context/MessageContext;)V+189
j  org.apache.axis2.description.OutInAxisOperationClient.send(Lorg/apache/axis2/context/MessageContext;)Lorg/apache/axis2/context/MessageContext;+71
j  org.apache.axis2.description.OutInAxisOperationClient.executeImpl(Z)V+381
j  org.apache.axis2.client.OperationClient.execute(Z)V+13
j  com.salesforce.soap.partner.SforceServiceStub.login(Lcom/salesforce/soap/partner/Login;Lcom/salesforce/soap/partner/LoginScopeHeader;Lcom/salesforce/soap/partner/CallOptions;)Lcom/salesforce/soap/partner/LoginResponse;+209
j  org.talend.salesforce.SforceBasicConnection.renewSession()V+24
j  org.talend.salesforce.SforceBasicConnection.init()V+92
j  org.talend.salesforce.SforceBasicConnection.<init>(Lorg/talend/salesforce/SforceBasicConnection$Builder;)V+57
j  org.talend.salesforce.SforceBasicConnection.<init>(Lorg/talend/salesforce/SforceBasicConnection$Builder;Lorg/talend/salesforce/SforceBasicConnection$1;)V+2
j  org.talend.salesforce.SforceBasicConnection$Builder.build()Lorg/talend/salesforce/SforceBasicConnection;+6
j  ossis_v1.impsf_exptempcsv_0_1.impsf_exptempcsv.tSalesforceInput_1Process(Ljava/util/Map;)V+756
j  ossis_v1.impsf_exptempcsv_0_1.impsf_exptempcsv.tSetGlobalVar_1Process(Ljava/util/Map;)V+261
j  ossis_v1.impsf_exptempcsv_0_1.impsf_exptempcsv.tSalesforceInput_2Process(Ljava/util/Map;)V+88
j  ossis_v1.impsf_exptempcsv_0_1.impsf_exptempcsv.runJobInTOS([Ljava/lang/String;)I+583
j  ossis_v1.impsf_exptempcsv_0_1.impsf_exptempcsv.runJob([Ljava/lang/String;)[[Ljava/lang/String;+2
j  ossis_v1.integracao_0_1.Integracao.tRunJob_1Process(Ljava/util/Map;)V+518
j  ossis_v1.integracao_0_1.Integracao.runJobInTOS([Ljava/lang/String;)I+574
j  ossis_v1.integracao_0_1.Integracao.main([Ljava/lang/String;)V+10
v  ~StubRoutines::call_stub

---------------  P R O C E S S  ---------------

Java Threads: ( => current thread )
  0x44afe000 JavaThread "MultiThreadedHttpConnectionManager cleanup" daemon [_thread_blocked, id=1632, stack(0x45660000,0x456b0000)]
  0x43c47800 JavaThread "Service Thread" daemon [_thread_blocked, id=6324, stack(0x00e80000,0x00ed0000)]
  0x43c25c00 JavaThread "C1 CompilerThread0" daemon [_thread_blocked, id=4280, stack(0x441f0000,0x44240000)]
  0x43c24c00 JavaThread "Attach Listener" daemon [_thread_blocked, id=5308, stack(0x43ff0000,0x44040000)]
  0x43c22000 JavaThread "Signal Dispatcher" daemon [_thread_blocked, id=4256, stack(0x43f00000,0x43f50000)]
  0x43c16800 JavaThread "Finalizer" daemon [_thread_blocked, id=4536, stack(0x43fa0000,0x43ff0000)]
  0x43bf1800 JavaThread "Reference Handler" daemon [_thread_blocked, id=5440, stack(0x033a0000,0x033f0000)]
=>0x0095c800 JavaThread "main" [_thread_in_native, id=5484, stack(0x008a0000,0x008f0000)]

Other Threads:
  0x43bea400 VMThread [stack: 0x00ed0000,0x00f20000] [id=2220]
  0x43c62c00 WatcherThread [stack: 0x440d0000,0x44120000] [id=5136]

VM state:not at safepoint (normal execution)

VM Mutex/Monitor currently owned by a thread: None

Heap:
 def new generation   total 78656K, used 42266K [0x03400000, 0x08950000, 0x18950000)
  eden space 69952K,  60% used [0x03400000, 0x05d46a58, 0x07850000)
  from space 8704K,   0% used [0x07850000, 0x07850000, 0x080d0000)
  to   space 8704K,   0% used [0x080d0000, 0x080d0000, 0x08950000)
 tenured generation   total 174784K, used 0K [0x18950000, 0x23400000, 0x43400000)
   the space 174784K,   0% used [0x18950000, 0x18950000, 0x18950200, 0x23400000)
 Metaspace       used 8267K, capacity 8442K, committed 8448K, reserved 8576K

Card table byte_map: [0x43400000,0x43610000] byte_map_base: 0x433e6000

Polling page: 0x001a0000

CodeCache: size=32768Kb used=1344Kb max_used=1344Kb free=31423Kb
 bounds [0x01350000, 0x014a8000, 0x03350000]
 total_blobs=653 nmethods=487 adapters=97
 compilation: enabled

Compilation events (10 events):
Event: 1.719 Thread 0x43c25c00  483             java.util.LinkedHashMap::newNode (23 bytes)
Event: 1.720 Thread 0x43c25c00 nmethod 483 0x0149f148 code [0x0149f240, 0x0149f3a0]
Event: 1.720 Thread 0x43c25c00  484             java.util.LinkedHashMap$Entry::<init> (10 bytes)
Event: 1.720 Thread 0x43c25c00 nmethod 484 0x0149f448 code [0x0149f540, 0x0149f5f0]
Event: 1.720 Thread 0x43c25c00  485             java.util.LinkedHashMap::linkNodeLast (33 bytes)
Event: 1.720 Thread 0x43c25c00 nmethod 485 0x0149f648 code [0x0149f740, 0x0149f810]
Event: 1.720 Thread 0x43c25c00  486             java.util.LinkedHashMap::afterNodeInsertion (40 bytes)
Event: 1.720 Thread 0x43c25c00 nmethod 486 0x0149f8c8 code [0x0149f9e0, 0x0149fb14]
Event: 1.721 Thread 0x43c25c00  487  s          java.io.ByteArrayOutputStream::toByteArray (12 bytes)
Event: 1.722 Thread 0x43c25c00 nmethod 487 0x0149fc08 code [0x0149fd10, 0x0149ffdc]

GC Heap History (0 events):
No events

Deoptimization events (0 events):
No events

Internal exceptions (10 events):
Event: 0.051 Thread 0x0095c800 Exception <a 'java/lang/NoSuchMethodError': Method sun.misc.Unsafe.defineClass(Ljava/lang/String;[BII)Ljava/lang/Class; name or signature does not match> (0x03406e98) thrown at [C:\workspace\8-2-build-windows-i586-cygwin\jdk8u141\9370\hotspot\src\share\vm
Event: 0.052 Thread 0x0095c800 Exception <a 'java/lang/NoSuchMethodError': Method sun.misc.Unsafe.prefetchRead(Ljava/lang/Object;J)V name or signature does not match> (0x03407168) thrown at [C:\workspace\8-2-build-windows-i586-cygwin\jdk8u141\9370\hotspot\src\share\vm\prims\jni.cpp, li
Event: 0.129 Thread 0x0095c800 Exception <a 'java/security/PrivilegedActionException'> (0x034973b0) thrown at [C:\workspace\8-2-build-windows-i586-cygwin\jdk8u141\9370\hotspot\src\share\vm\prims\jvm.cpp, line 1390]
Event: 0.129 Thread 0x0095c800 Exception <a 'java/security/PrivilegedActionException'> (0x034975b0) thrown at [C:\workspace\8-2-build-windows-i586-cygwin\jdk8u141\9370\hotspot\src\share\vm\prims\jvm.cpp, line 1390]
Event: 0.171 Thread 0x0095c800 Exception <a 'java/security/PrivilegedActionException'> (0x036ef6f8) thrown at [C:\workspace\8-2-build-windows-i586-cygwin\jdk8u141\9370\hotspot\src\share\vm\prims\jvm.cpp, line 1390]
Event: 0.171 Thread 0x0095c800 Exception <a 'java/security/PrivilegedActionException'> (0x036ef8f8) thrown at [C:\workspace\8-2-build-windows-i586-cygwin\jdk8u141\9370\hotspot\src\share\vm\prims\jvm.cpp, line 1390]
Event: 0.171 Thread 0x0095c800 Exception <a 'java/security/PrivilegedActionException'> (0x036f3730) thrown at [C:\workspace\8-2-build-windows-i586-cygwin\jdk8u141\9370\hotspot\src\share\vm\prims\jvm.cpp, line 1390]
Event: 0.171 Thread 0x0095c800 Exception <a 'java/security/PrivilegedActionException'> (0x036f3930) thrown at [C:\workspace\8-2-build-windows-i586-cygwin\jdk8u141\9370\hotspot\src\share\vm\prims\jvm.cpp, line 1390]
Event: 0.706 Thread 0x0095c800 Exception <a 'java/lang/NoSuchFieldError': method resolution failed> (0x03fb9278) thrown at [C:\workspace\8-2-build-windows-i586-cygwin\jdk8u141\9370\hotspot\src\share\vm\prims\methodHandles.cpp, line 1146]
Event: 0.708 Thread 0x0095c800 Exception <a 'java/lang/NoSuchFieldError': method resolution failed> (0x03fc57b8) thrown at [C:\workspace\8-2-build-windows-i586-cygwin\jdk8u141\9370\hotspot\src\share\vm\prims\methodHandles.cpp, line 1146]

Events (10 events):
Event: 1.728 loading class sun/net/InetAddressCachePolicy
Event: 1.728 loading class sun/net/InetAddressCachePolicy done
Event: 1.728 loading class sun/net/InetAddressCachePolicy$1
Event: 1.728 loading class sun/net/InetAddressCachePolicy$1 done
Event: 1.728 loading class sun/net/InetAddressCachePolicy$2
Event: 1.728 loading class sun/net/InetAddressCachePolicy$2 done
Event: 1.728 loading class java/util/LinkedList$ListItr
Event: 1.728 loading class java/util/LinkedList$ListItr done
Event: 1.728 loading class java/net/InetAddress$CacheEntry
Event: 1.728 loading class java/net/InetAddress$CacheEntry done


Dynamic libraries:
0x00e20000 - 0x00e53000 	C:\ProgramData\Oracle\Java\javapath\java.exe
0x76f50000 - 0x770d0000 	C:\Windows\SysWOW64\ntdll.dll
0x760c0000 - 0x761d0000 	C:\Windows\syswow64\kernel32.dll
0x76010000 - 0x76057000 	C:\Windows\syswow64\KERNELBASE.dll
0x74eb0000 - 0x74f51000 	C:\Windows\syswow64\ADVAPI32.dll
0x74e00000 - 0x74eac000 	C:\Windows\syswow64\msvcrt.dll
0x76b30000 - 0x76b49000 	C:\Windows\SysWOW64\sechost.dll
0x76290000 - 0x76380000 	C:\Windows\syswow64\RPCRT4.dll
0x747f0000 - 0x74850000 	C:\Windows\syswow64\SspiCli.dll
0x747e0000 - 0x747ec000 	C:\Windows\syswow64\CRYPTBASE.dll
0x748c0000 - 0x749c0000 	C:\Windows\syswow64\USER32.dll
0x75310000 - 0x753a0000 	C:\Windows\syswow64\GDI32.dll
0x75260000 - 0x7526a000 	C:\Windows\syswow64\LPK.dll
0x74bd0000 - 0x74c6d000 	C:\Windows\syswow64\USP10.dll
0x69900000 - 0x69a9e000 	C:\Windows\WinSxS\x86_microsoft.windows.common-controls_6595b64144ccf1df_6.0.7601.18837_none_41e855142bd5705d\COMCTL32.dll
0x749c0000 - 0x74a17000 	C:\Windows\syswow64\SHLWAPI.dll
0x76060000 - 0x760c0000 	C:\Windows\system32\IMM32.DLL
0x74a20000 - 0x74aed000 	C:\Windows\syswow64\MSCTF.dll
0x6a290000 - 0x6a34f000 	C:\Program Files (x86)\Java\jre1.8.0_141\bin\msvcr100.dll
0x68560000 - 0x6892e000 	C:\Program Files (x86)\Java\jre1.8.0_141\bin\client\jvm.dll
0x735e0000 - 0x735e7000 	C:\Windows\system32\WSOCK32.dll
0x74880000 - 0x748b5000 	C:\Windows\syswow64\WS2_32.dll
0x76b20000 - 0x76b26000 	C:\Windows\syswow64\NSI.dll
0x73c20000 - 0x73c52000 	C:\Windows\system32\WINMM.dll
0x735f0000 - 0x735f9000 	C:\Windows\system32\VERSION.dll
0x761f0000 - 0x761f5000 	C:\Windows\syswow64\PSAPI.DLL
0x6b220000 - 0x6b22c000 	C:\Program Files (x86)\Java\jre1.8.0_141\bin\verify.dll
0x6a260000 - 0x6a281000 	C:\Program Files (x86)\Java\jre1.8.0_141\bin\java.dll
0x6a1d0000 - 0x6a1e3000 	C:\Program Files (x86)\Java\jre1.8.0_141\bin\zip.dll
0x753a0000 - 0x75fec000 	C:\Windows\syswow64\SHELL32.dll
0x74ca0000 - 0x74dfd000 	C:\Windows\syswow64\ole32.dll
0x76f20000 - 0x76f2b000 	C:\Windows\syswow64\profapi.dll
0x6ad10000 - 0x6ad30000 	C:\Program Files (x86)\Java\jre1.8.0_141\bin\sunec.dll
0x6a1a0000 - 0x6a1b6000 	C:\Program Files (x86)\Java\jre1.8.0_141\bin\net.dll
0x73570000 - 0x735ac000 	C:\Windows\system32\mswsock.dll
0x72400000 - 0x72406000 	C:\Windows\System32\wship6.dll
0x71770000 - 0x7178c000 	C:\Windows\system32\IPHLPAPI.DLL
0x6b230000 - 0x6b237000 	C:\Windows\system32\WINNSI.DLL
0x6a250000 - 0x6a25d000 	C:\Windows\system32\dhcpcsvc6.DLL
0x70920000 - 0x70932000 	C:\Windows\system32\dhcpcsvc.DLL
0x6a190000 - 0x6a19f000 	C:\Program Files (x86)\Java\jre1.8.0_141\bin\nio.dll
0x73ae0000 - 0x73af7000 	C:\Windows\system32\CRYPTSP.dll
0x73aa0000 - 0x73adb000 	C:\Windows\system32\rsaenh.dll
0x75240000 - 0x75257000 	C:\Windows\syswow64\USERENV.dll
0x6a0e0000 - 0x6a0e9000 	C:\Program Files (x86)\Java\jre1.8.0_141\bin\sunmscapi.dll
0x74fc0000 - 0x750e1000 	C:\Windows\syswow64\CRYPT32.dll
0x76b10000 - 0x76b1c000 	C:\Windows\syswow64\MSASN1.dll
0x73560000 - 0x73565000 	C:\Windows\System32\wshtcpip.dll
0x700a0000 - 0x700e4000 	C:\Windows\system32\DNSAPI.dll
0x70020000 - 0x70026000 	C:\Windows\system32\rasadhlp.dll
0x70050000 - 0x70088000 	C:\Windows\System32\fwpuclnt.dll
0x69ff0000 - 0x6a0db000 	C:\Windows\system32\DBGHELP.DLL

VM Arguments:
jvm_args: -Xms256M -Xmx1024M 
java_command: ossis_v1.integracao_0_1.Integracao --context=Default
java_class_path (initial): .;../lib/routines.jar;../lib/commons-logging-1.1.1.jar;../lib/commons-logging-1.1.1.jar;../lib/mail-1.4.jar;../lib/log4j-1.2.16.jar;../lib/woodstox-core-asl-4.4.1.jar;../lib/mail-1.4.jar;../lib/stax2-api-3.1.4.jar;../lib/geronimo-stax-api_1.0_spec-1.0.1.jar;../lib/woodstox-core-asl-4.4.1.jar;../lib/log4j-1.2.15.jar;../lib/geronimo-stax-api_1.0_spec-1.0.1.jar;../lib/commons-collections-3.2.jar;../lib/stax2-api-3.1.4.jar;../lib/commons-httpclient-3.1.jar;../lib/talend_file_enhanced_20070724.jar;../lib/commons-codec-1.6.jar;../lib/httpcore-4.2.1.jar;../lib/trove.jar;../lib/wsdl4j-1.6.3.jar;../lib/commons-httpclient-3.1.jar;../lib/wsdl4j-1.6.3.jar;../lib/axis2-transport-http-1.6.2.jar;../lib/activation-1.1.jar;../lib/salesforceCRMManagement.jar;../lib/axiom-api-1.2.13.jar;../lib/axis2-kernel-1.6.2.jar;../lib/axis2-kernel-1.6.2.jar;../lib/axiom-api-1.2.13.jar;../lib/axis2-adb-1.6.2.jar;../lib/dom4j-1.6.1.jar;../lib/axis2-adb-1.6.2.jar;../lib/jboss-serialization.jar;../lib/axis2-transport-http-1.6.2.jar;../lib/talendcsv.jar;../lib/axis2-transport-local-1.6.2.jar;../lib/xmlschema-core-2.0.1.jar;../lib/activation-1.1.jar;../lib/commons-codec-1.6.jar;../lib/neethi-3.0.1.jar;../lib/salesforceCRMManagement.jar;../lib/neethi-3.0.1.jar;../lib/httpcore-4.2.1.jar;../lib/axiom-impl-1.2.13.jar;../lib/advancedPersistentLookupLib-1.0.jar;../lib/axis2-transport-local-1.6.2.jar;../lib/axiom-impl-1.2.13.jar;../lib/xmlschema-core-2.0.1.jar;integracao_0_1.jar;createcsv_0_1.jar;update_flag_0_1.jar;impsf_exptempcsv_0_1.jar;
Launcher Type: SUN_STANDARD

Environment Variables:
PATH=C:\ProgramData\Oracle\Java\javapath;C:\Windows\system32;C:\Windows;C:\Windows\System32\Wbem;C:\Windows\System32\WindowsPowerShell\v1.0\;D:\SQLData\x86\100\Tools\Binn\;D:\SQLData\100\Tools\Binn\;D:\SQLData\100\DTS\Binn\;D:\SQLData\x86\100\Tools\Binn\VSShell\Common7\IDE\;D:\SQLData\x86\100\DTS\Binn\;d:\SQLData\x86\90\Tools\binn\;C:\Program Files\Dell\SysMgt\iSM\shared\bin;C:\Program Files\Dell\SysMgt\iSM\ismeng\bin;C:\Program Files\Dell\SysMgt\iSM\ismmod\bin
USERNAME=Administrator
OS=Windows_NT
PROCESSOR_IDENTIFIER=Intel64 Family 6 Model 45 Stepping 7, GenuineIntel



---------------  S Y S T E M  ---------------

OS: Windows Server 2008 R2 , 64 bit Build 7601 (6.1.7601.23889)

CPU:total 4 (initial active 4) (4 cores per cpu, 1 threads per core) family 6 model 45 stepping 7, cmov, cx8, fxsr, mmx, sse, sse2, sse3, ssse3, sse4.1, sse4.2, popcnt, avx, aes, clmul, tsc, tscinvbit, tscinv

Memory: 4k page, physical 33507884k(27775468k free), swap 67013908k(60636592k free)

vm_info: Java HotSpot(TM) Client VM (25.141-b15) for windows-x86 JRE (1.8.0_141-b15), built on Jul 12 2017 04:25:45 by "java_re" with MS VC++ 10.0 (VS2010)

time: Wed Sep 13 12:33:57 2017
elapsed time: 3 seconds (0d 0h 0m 3s)

